<?xml version="1.0" encoding="UTF-8"?>
<!-- Generated by org.testng.reporters.JUnitReportReporter -->
<testsuite hostname="santhosh" failures="0" tests="2" name="Selenium_Translaton.ExecuteTestScriptHeadlessInBrowser" time="5.681" errors="0" timestamp="2024-07-10T10:39:58 IST" skipped="0">
  <testcase classname="Selenium_Translaton.ExecuteTestScriptHeadlessInBrowser" name="HeadLessWithOutBrowser" time="0.542"/>
  <testcase classname="Selenium_Translaton.ExecuteTestScriptHeadlessInBrowser" name="ChromeHeadLessExecution" time="5.139"/>
</testsuite> <!-- Selenium_Translaton.ExecuteTestScriptHeadlessInBrowser -->
